2025-09-16 18:02:46 [main] INFO  com.testcases.LoginTestCases - Open Chrome Browser
2025-09-16 18:02:49 [main] INFO  com.testcases.LoginTestCases - Open URL 
2025-09-16 18:02:49 [main] INFO  com.testcases.LoginTestCases - Enetr username in username field 
2025-09-16 18:02:50 [main] INFO  com.testcases.LoginTestCases - Enter password in password field 
2025-09-16 18:02:51 [main] INFO  com.testcases.LoginTestCases - click On login Button  
2025-09-16 18:02:51 [main] INFO  com.testcases.LoginTestCases - close the browser
2025-09-16 18:04:24 [main] INFO  com.testcases.LoginTestCases - Open Chrome Browser
2025-09-16 18:04:26 [main] INFO  com.testcases.LoginTestCases - Open URL 
2025-09-16 18:04:26 [main] INFO  com.testcases.LoginTestCases - Enetr username in username field 
2025-09-16 18:06:35 [main] INFO  com.testcases.LoginTestCases - Open Chrome Browser
2025-09-16 18:06:37 [main] INFO  com.testcases.LoginTestCases - Open URL 
2025-09-16 18:06:37 [main] INFO  com.testcases.LoginTestCases - Enetr username in username field 
2025-09-16 18:06:38 [main] INFO  com.testcases.LoginTestCases - Enter password in password field 
2025-09-16 18:06:39 [main] INFO  com.testcases.LoginTestCases - click On login Button  
2025-09-16 18:06:39 [main] INFO  com.testcases.LoginTestCases - close the browser
2025-09-16 18:10:06 [main] INFO  com.testcases.LoginTestCases - Open Chrome Browser
2025-09-16 18:10:09 [main] INFO  com.testcases.LoginTestCases - Open URL 
2025-09-16 18:10:09 [main] INFO  com.testcases.LoginTestCases - Enetr username in username field 
2025-09-16 18:10:09 [main] INFO  com.testcases.LoginTestCases - Enter password in password field 
2025-09-16 18:10:10 [main] INFO  com.testcases.LoginTestCases - click On login Button  
2025-09-16 18:10:11 [main] INFO  com.testcases.LoginTestCases - close the browser
2025-09-16 18:11:39 [main] INFO  com.testcases.LoginTestCases - Open Chrome Browser
2025-09-16 18:11:41 [main] INFO  com.testcases.LoginTestCases - Open URL 
2025-09-16 18:11:41 [main] INFO  com.testcases.LoginTestCases - Enetr username in username field 
